2020.10.15 12:57:58 INFO  started: Metals version 0.9.4 in workspace '/home/denny1232/workspace/AutoScout24_exercise' for client vscode.
2020.10.15 12:58:00 INFO  time: initialize in 2.65s
2020.10.15 12:58:03 INFO  tracing is disabled for protocol BSP, to enable tracing of incoming and outgoing JSON messages create an empty file at /home/denny1232/.cache/metals/bsp.trace.json
2020.10.15 12:58:08 ERROR Timeout waiting for 'build/initialize' response
2020.10.15 12:58:08 ERROR Failed to connect with build server, no functionality will work.
java.util.concurrent.TimeoutException
	at java.util.concurrent.CompletableFuture.timedGet(CompletableFuture.java:1886)
	at java.util.concurrent.CompletableFuture.get(CompletableFuture.java:2021)
	at scala.meta.internal.metals.BuildServerConnection$.initialize(BuildServerConnection.scala:317)
	at scala.meta.internal.metals.BuildServerConnection$.$anonfun$fromSockets$1(BuildServerConnection.scala:252)
	at scala.util.Success.$anonfun$map$1(Try.scala:255)
	at scala.util.Success.map(Try.scala:213)
	at scala.concurrent.Future.$anonfun$map$1(Future.scala:292)
	at scala.concurrent.impl.Promise.liftedTree1$1(Promise.scala:33)
	at scala.concurrent.impl.Promise.$anonfun$transform$1(Promise.scala:33)
	at scala.concurrent.impl.CallbackRunnable.run(Promise.scala:64)
	at java.util.concurrent.ThreadPoolExecutor.runWorker(ThreadPoolExecutor.java:1128)
	at java.util.concurrent.ThreadPoolExecutor$Worker.run(ThreadPoolExecutor.java:628)
	at java.lang.Thread.run(Thread.java:834)

Oct 15, 2020 1:00:35 PM org.eclipse.lsp4j.jsonrpc.services.GenericEndpoint notify
INFO: Unsupported notification method: $/setTraceNotification
2020.10.15 13:01:05 INFO  no build target: using presentation compiler with only scala-library
2020.10.15 13:01:05 WARN  no build target for: /home/denny1232/workspace/AutoScout24_exercise/app/v1/post/PostRouter.scala
2020.10.15 17:46:49 WARN  no build target for: /home/denny1232/workspace/AutoScout24_exercise/app/v1/post/PostController.scala
2020.10.15 17:46:53 WARN  no build target for: /home/denny1232/workspace/AutoScout24_exercise/app/v1/post/PostActionBuilder.scala
2020.10.15 17:47:02 WARN  no build target for: /home/denny1232/workspace/AutoScout24_exercise/app/ErrorHandler.scala
2020.10.15 17:47:02 WARN  no build target for: /home/denny1232/workspace/AutoScout24_exercise/app/v1/post/PostRouter.scala
2020.10.15 17:47:10 WARN  no build target for: /home/denny1232/workspace/AutoScout24_exercise/app/ErrorHandler.scala
2020.10.15 17:47:12 WARN  no build target for: /home/denny1232/workspace/AutoScout24_exercise/app/RequestHandler.scala
2020.10.16 11:03:12 WARN  no build target for: /home/denny1232/workspace/AutoScout24_exercise/app/v1/post/PostActionBuilder.scala
2020.10.16 11:03:53 WARN  no build target for: /home/denny1232/workspace/AutoScout24_exercise/app/v1/post/PostController.scala
2020.10.16 11:04:11 WARN  no build target for: /home/denny1232/workspace/AutoScout24_exercise/app/v1/post/PostRepository.scala
2020.10.16 11:04:31 WARN  no build target for: /home/denny1232/workspace/AutoScout24_exercise/app/RequestHandler.scala
2020.10.16 11:04:56 WARN  no build target for: /home/denny1232/workspace/AutoScout24_exercise/app/Module.scala
2020.10.16 11:04:59 WARN  no build target for: /home/denny1232/workspace/AutoScout24_exercise/app/ErrorHandler.scala
2020.10.16 11:05:00 WARN  no build target for: /home/denny1232/workspace/AutoScout24_exercise/app/v1/post/PostActionBuilder.scala
2020.10.16 11:05:03 WARN  no build target for: /home/denny1232/workspace/AutoScout24_exercise/app/v1/post/PostRouter.scala
2020.10.16 11:06:48 WARN  no build target for: /home/denny1232/workspace/AutoScout24_exercise/app/v1/post/PostResourceHandler.scala
2020.10.16 11:07:32 WARN  no build target for: /home/denny1232/workspace/AutoScout24_exercise/app/v1/post/PostResourceHandler.scala
2020.10.16 11:08:24 WARN  code navigation does not work for the file '/home/denny1232/workspace/AutoScout24_exercise/app/v1/post/PostResourceHandler.scala' because it doesn't belong to a build target.
2020.10.16 11:08:24 WARN  code navigation does not work for the file '/home/denny1232/workspace/AutoScout24_exercise/app/v1/post/PostResourceHandler.scala' because it doesn't belong to a build target.
2020.10.16 11:08:25 WARN  no build target for: /home/denny1232/workspace/AutoScout24_exercise/app/v1/post/PostResourceHandler.scala
Oct 16, 2020 11:09:23 AM org.eclipse.lsp4j.jsonrpc.RemoteEndpoint handleNotification
WARNING: Notification threw an exception: {
  "jsonrpc": "2.0",
  "method": "workspace/didChangeWatchedFiles",
  "params": {
    "changes": [
      {
        "uri": "file:///home/denny1232/workspace/AutoScout24_exercise/build.sbt",
        "type": 3
      },
      {
        "uri": "file:///home/denny1232/workspace/AutoScout24_exercise/project/plugins.sbt",
        "type": 3
      },
      {
        "uri": "file:///home/denny1232/workspace/AutoScout24_exercise/project/Common.scala",
        "type": 3
      },
      {
        "uri": "file:///home/denny1232/workspace/AutoScout24_exercise/project/build.properties",
        "type": 3
      }
    ]
  }
}
java.lang.RuntimeException: java.lang.reflect.InvocationTargetException
	at org.eclipse.lsp4j.jsonrpc.services.GenericEndpoint.lambda$null$0(GenericEndpoint.java:67)
	at org.eclipse.lsp4j.jsonrpc.services.GenericEndpoint.notify(GenericEndpoint.java:152)
	at org.eclipse.lsp4j.jsonrpc.RemoteEndpoint.handleNotification(RemoteEndpoint.java:220)
	at org.eclipse.lsp4j.jsonrpc.RemoteEndpoint.consume(RemoteEndpoint.java:187)
	at org.eclipse.lsp4j.jsonrpc.json.StreamMessageProducer.handleMessage(StreamMessageProducer.java:194)
	at org.eclipse.lsp4j.jsonrpc.json.StreamMessageProducer.listen(StreamMessageProducer.java:94)
	at org.eclipse.lsp4j.jsonrpc.json.ConcurrentMessageProcessor.run(ConcurrentMessageProcessor.java:113)
	at java.base/java.util.concurrent.Executors$RunnableAdapter.call(Executors.java:515)
	at java.base/java.util.concurrent.FutureTask.run(FutureTask.java:264)
	at java.base/java.util.concurrent.ThreadPoolExecutor.runWorker(ThreadPoolExecutor.java:1128)
	at java.base/java.util.concurrent.ThreadPoolExecutor$Worker.run(ThreadPoolExecutor.java:628)
	at java.base/java.lang.Thread.run(Thread.java:834)
Caused by: java.lang.reflect.InvocationTargetException
	at java.base/jdk.internal.reflect.NativeMethodAccessorImpl.invoke0(Native Method)
	at java.base/jdk.internal.reflect.NativeMethodAccessorImpl.invoke(NativeMethodAccessorImpl.java:62)
	at java.base/jdk.internal.reflect.DelegatingMethodAccessorImpl.invoke(DelegatingMethodAccessorImpl.java:43)
	at java.base/java.lang.reflect.Method.invoke(Method.java:566)
	at org.eclipse.lsp4j.jsonrpc.services.GenericEndpoint.lambda$null$0(GenericEndpoint.java:65)
	... 11 more
Caused by: java.nio.file.NoSuchFileException: /home/denny1232/workspace/AutoScout24_exercise/build.sbt
	at java.base/sun.nio.fs.UnixException.translateToIOException(UnixException.java:92)
	at java.base/sun.nio.fs.UnixException.rethrowAsIOException(UnixException.java:111)
	at java.base/sun.nio.fs.UnixException.rethrowAsIOException(UnixException.java:116)
	at java.base/sun.nio.fs.UnixFileSystemProvider.newByteChannel(UnixFileSystemProvider.java:219)
	at java.base/java.nio.file.Files.newByteChannel(Files.java:370)
	at java.base/java.nio.file.Files.newByteChannel(Files.java:421)
	at java.base/java.nio.file.Files.readAllBytes(Files.java:3205)
	at scala.meta.internal.io.PlatformFileIO$.slurp(PlatformFileIO.scala:45)
	at scala.meta.internal.io.FileIO$.slurp(FileIO.scala:24)
	at scala.meta.internal.metals.MetalsLanguageServer.$anonfun$onChange$1(MetalsLanguageServer.scala:1077)
	at scala.meta.internal.metals.MetalsLanguageServer.$anonfun$onChange$1$adapted(MetalsLanguageServer.scala:1076)
	at scala.collection.immutable.Stream.foreach(Stream.scala:533)
	at scala.meta.internal.metals.MetalsLanguageServer.onChange(MetalsLanguageServer.scala:1076)
	at scala.meta.internal.metals.MetalsLanguageServer.didChangeWatchedFiles(MetalsLanguageServer.scala:1028)
	... 16 more

2020.10.16 11:10:45 WARN  no build target for: /home/denny1232/workspace/AutoScout24_exercise/project/Common.scala
2020.10.16 11:11:46 INFO  skipping build import with status 'Requested'
2020.10.16 11:11:55 WARN  no build target for: /home/denny1232/workspace/AutoScout24_exercise/app/v1/post/PostActionBuilder.scala
something's wrong: no file:///home/denny1232/workspace/AutoScout24_exercise/app/v1/post/PostActionBuilder.scala in v1.post.PostRequest[A]RangePosition(file:///home/denny1232/workspace/AutoScout24_exercise/app/v1/post/PostActionBuilder.scala, 1949, 1949, 1963)
2020.10.16 11:13:09 WARN  no build target for: /home/denny1232/workspace/AutoScout24_exercise/app/v1/post/PostController.scala
2020.10.16 11:17:30 WARN  no build target for: /home/denny1232/workspace/AutoScout24_exercise/app/v1/post/PostRouter.scala
2020.10.16 11:17:39 WARN  no build target for: /home/denny1232/workspace/AutoScout24_exercise/app/v1/post/PostController.scala
2020.10.16 11:17:42 WARN  no build target for: /home/denny1232/workspace/AutoScout24_exercise/app/v1/post/PostActionBuilder.scala
2020.10.16 11:18:17 WARN  no build target for: /home/denny1232/workspace/AutoScout24_exercise/app/v1/post/PostController.scala
2020.10.16 11:18:21 WARN  code navigation does not work for the file '/home/denny1232/workspace/AutoScout24_exercise/app/v1/post/PostController.scala' because it doesn't belong to a build target.
2020.10.16 11:18:25 WARN  code navigation does not work for the file '/home/denny1232/workspace/AutoScout24_exercise/app/v1/post/PostController.scala' because it doesn't belong to a build target.
2020.10.16 11:18:25 WARN  code navigation does not work for the file '/home/denny1232/workspace/AutoScout24_exercise/app/v1/post/PostController.scala' because it doesn't belong to a build target.
2020.10.16 11:18:25 WARN  code navigation does not work for the file '/home/denny1232/workspace/AutoScout24_exercise/app/v1/post/PostController.scala' because it doesn't belong to a build target.
2020.10.16 11:18:27 WARN  code navigation does not work for the file '/home/denny1232/workspace/AutoScout24_exercise/app/v1/post/PostController.scala' because it doesn't belong to a build target.
2020.10.16 11:18:27 WARN  code navigation does not work for the file '/home/denny1232/workspace/AutoScout24_exercise/app/v1/post/PostController.scala' because it doesn't belong to a build target.
2020.10.16 11:18:28 WARN  code navigation does not work for the file '/home/denny1232/workspace/AutoScout24_exercise/app/v1/post/PostController.scala' because it doesn't belong to a build target.
2020.10.16 11:18:28 WARN  code navigation does not work for the file '/home/denny1232/workspace/AutoScout24_exercise/app/v1/post/PostController.scala' because it doesn't belong to a build target.
2020.10.16 11:18:30 WARN  code navigation does not work for the file '/home/denny1232/workspace/AutoScout24_exercise/app/v1/post/PostController.scala' because it doesn't belong to a build target.
2020.10.16 11:18:46 WARN  no build target for: /home/denny1232/workspace/AutoScout24_exercise/app/v1/post/PostRouter.scala
2020.10.16 11:18:49 WARN  no build target for: /home/denny1232/workspace/AutoScout24_exercise/app/v1/post/PostController.scala
2020.10.16 11:23:36 WARN  no build target for: /home/denny1232/workspace/AutoScout24_exercise/app/v1/post/PostRouter.scala
2020.10.16 11:23:51 WARN  no build target for: /home/denny1232/workspace/AutoScout24_exercise/app/v1/post/PostRepository.scala
2020.10.16 11:25:07 WARN  no build target for: /home/denny1232/workspace/AutoScout24_exercise/app/v1/post/PostController.scala
2020.10.16 11:26:02 WARN  no build target for: /home/denny1232/workspace/AutoScout24_exercise/app/v1/post/PostRouter.scala
2020.10.16 11:26:22 WARN  no build target for: /home/denny1232/workspace/AutoScout24_exercise/app/v1/post/PostController.scala
2020.10.16 11:27:08 WARN  no build target for: /home/denny1232/workspace/AutoScout24_exercise/app/v1/post/PostRouter.scala
2020.10.16 11:27:15 WARN  no build target for: /home/denny1232/workspace/AutoScout24_exercise/app/v1/post/PostController.scala
2020.10.16 11:28:58 WARN  no build target for: /home/denny1232/workspace/AutoScout24_exercise/app/v1/post/PostRouter.scala
2020.10.16 11:29:13 WARN  no build target for: /home/denny1232/workspace/AutoScout24_exercise/app/v1/post/PostRepository.scala
2020.10.16 11:29:13 WARN  code navigation does not work for the file '/home/denny1232/workspace/AutoScout24_exercise/app/v1/post/PostRepository.scala' because it doesn't belong to a build target.
2020.10.16 11:32:52 WARN  no build target for: /home/denny1232/workspace/AutoScout24_exercise/app/v1/post/PostActionBuilder.scala
2020.10.16 11:32:52 WARN  no build target for: /home/denny1232/workspace/AutoScout24_exercise/app/v1/post/PostController.scala
2020.10.16 11:32:54 WARN  no build target for: /home/denny1232/workspace/AutoScout24_exercise/app/v1/post/PostRepository.scala
2020.10.16 11:33:02 WARN  no build target for: /home/denny1232/workspace/AutoScout24_exercise/app/v1/post/PostRouter.scala
2020.10.16 11:33:03 WARN  no build target for: /home/denny1232/workspace/AutoScout24_exercise/app/Module.scala
2020.10.16 11:33:03 WARN  no build target for: /home/denny1232/workspace/AutoScout24_exercise/app/ErrorHandler.scala
2020.10.16 11:33:05 WARN  no build target for: /home/denny1232/workspace/AutoScout24_exercise/app/RequestHandler.scala
2020.10.16 11:33:07 WARN  no build target for: /home/denny1232/workspace/AutoScout24_exercise/app/Module.scala
2020.10.16 11:33:09 WARN  no build target for: /home/denny1232/workspace/AutoScout24_exercise/app/v1/post/PostRepository.scala
2020.10.16 11:35:48 WARN  no build target for: /home/denny1232/workspace/AutoScout24_exercise/app/v1/post/PostRepository.scala
2020.10.16 11:35:50 WARN  no build target for: /home/denny1232/workspace/AutoScout24_exercise/app/v1/post/PostRepository.scala
2020.10.16 11:35:56 WARN  no build target for: /home/denny1232/workspace/AutoScout24_exercise/app/v1/post/PostRepository.scala
2020.10.16 11:36:38 WARN  no build target for: /home/denny1232/workspace/AutoScout24_exercise/app/v1/post/PostRepository.scala
2020.10.16 11:36:39 WARN  no build target for: /home/denny1232/workspace/AutoScout24_exercise/app/v1/post/PostRepository.scala
2020.10.16 11:38:26 WARN  no build target for: /home/denny1232/workspace/AutoScout24_exercise/app/v1/post/PostRepository.scala
2020.10.16 11:38:30 WARN  no build target for: /home/denny1232/workspace/AutoScout24_exercise/app/v1/post/PostRepository.scala
2020.10.16 11:38:38 WARN  no build target for: /home/denny1232/workspace/AutoScout24_exercise/app/v1/post/PostRepository.scala
2020.10.16 11:38:56 WARN  no build target for: /home/denny1232/workspace/AutoScout24_exercise/app/v1/post/PostRepository.scala
2020.10.16 11:38:59 WARN  no build target for: /home/denny1232/workspace/AutoScout24_exercise/app/v1/post/PostRepository.scala
2020.10.16 11:39:02 WARN  no build target for: /home/denny1232/workspace/AutoScout24_exercise/app/v1/post/PostRepository.scala
2020.10.16 11:39:05 WARN  no build target for: /home/denny1232/workspace/AutoScout24_exercise/app/v1/post/PostRepository.scala
2020.10.16 11:39:14 WARN  no build target for: /home/denny1232/workspace/AutoScout24_exercise/app/v1/post/PostRepository.scala
2020.10.16 11:39:17 WARN  no build target for: /home/denny1232/workspace/AutoScout24_exercise/app/v1/post/PostRepository.scala
2020.10.16 11:39:25 WARN  no build target for: /home/denny1232/workspace/AutoScout24_exercise/app/v1/post/PostRepository.scala
2020.10.16 11:39:33 WARN  no build target for: /home/denny1232/workspace/AutoScout24_exercise/app/v1/post/PostRepository.scala
2020.10.16 11:39:35 WARN  no build target for: /home/denny1232/workspace/AutoScout24_exercise/app/v1/post/PostRepository.scala
2020.10.16 11:39:37 WARN  no build target for: /home/denny1232/workspace/AutoScout24_exercise/app/v1/post/PostRepository.scala
2020.10.16 11:39:39 WARN  no build target for: /home/denny1232/workspace/AutoScout24_exercise/app/v1/post/PostRepository.scala
2020.10.16 11:39:48 WARN  no build target for: /home/denny1232/workspace/AutoScout24_exercise/app/v1/post/PostRepository.scala
2020.10.16 11:41:31 WARN  no build target for: /home/denny1232/workspace/AutoScout24_exercise/app/v1/post/PostRepository.scala
2020.10.16 11:42:18 WARN  no build target for: /home/denny1232/workspace/AutoScout24_exercise/app/v1/post/PostRepository.scala
2020.10.16 11:42:21 WARN  no build target for: /home/denny1232/workspace/AutoScout24_exercise/app/v1/post/PostRepository.scala
2020.10.16 11:42:21 WARN  no build target for: /home/denny1232/workspace/AutoScout24_exercise/app/v1/post/PostRepository.scala
2020.10.16 11:43:01 WARN  no build target for: /home/denny1232/workspace/AutoScout24_exercise/app/v1/post/PostRepository.scala
2020.10.16 11:43:10 WARN  no build target for: /home/denny1232/workspace/AutoScout24_exercise/app/v1/post/PostRepository.scala
2020.10.16 11:43:10 WARN  no build target for: /home/denny1232/workspace/AutoScout24_exercise/app/v1/post/PostRepository.scala
2020.10.16 11:44:15 WARN  no build target for: /home/denny1232/workspace/AutoScout24_exercise/app/v1/post/PostRepository.scala
2020.10.16 11:44:23 WARN  no build target for: /home/denny1232/workspace/AutoScout24_exercise/app/v1/post/PostRepository.scala
2020.10.16 11:44:40 WARN  code navigation does not work for the file '/home/denny1232/workspace/AutoScout24_exercise/app/v1/post/PostRepository.scala' because it doesn't belong to a build target.
2020.10.16 11:44:59 WARN  no build target for: /home/denny1232/workspace/AutoScout24_exercise/app/v1/post/PostRepository.scala
2020.10.16 11:45:02 WARN  no build target for: /home/denny1232/workspace/AutoScout24_exercise/app/v1/post/PostRepository.scala
2020.10.16 11:45:36 WARN  no build target for: /home/denny1232/workspace/AutoScout24_exercise/app/v1/post/PostRepository.scala
2020.10.16 11:45:38 WARN  no build target for: /home/denny1232/workspace/AutoScout24_exercise/app/v1/post/PostRepository.scala
2020.10.16 11:45:40 WARN  no build target for: /home/denny1232/workspace/AutoScout24_exercise/app/v1/post/PostRepository.scala
2020.10.16 11:45:42 WARN  code navigation does not work for the file '/home/denny1232/workspace/AutoScout24_exercise/app/v1/post/PostRepository.scala' because it doesn't belong to a build target.
2020.10.16 11:45:42 WARN  code navigation does not work for the file '/home/denny1232/workspace/AutoScout24_exercise/app/v1/post/PostRepository.scala' because it doesn't belong to a build target.
2020.10.16 11:45:42 WARN  code navigation does not work for the file '/home/denny1232/workspace/AutoScout24_exercise/app/v1/post/PostRepository.scala' because it doesn't belong to a build target.
2020.10.16 11:45:46 WARN  no build target for: /home/denny1232/workspace/AutoScout24_exercise/app/v1/post/PostRepository.scala
2020.10.16 11:45:49 WARN  no build target for: /home/denny1232/workspace/AutoScout24_exercise/app/v1/post/PostRepository.scala
2020.10.16 11:45:52 WARN  no build target for: /home/denny1232/workspace/AutoScout24_exercise/app/v1/post/PostRepository.scala
2020.10.16 11:46:05 WARN  no build target for: /home/denny1232/workspace/AutoScout24_exercise/app/v1/post/PostRepository.scala
2020.10.16 11:46:09 WARN  no build target for: /home/denny1232/workspace/AutoScout24_exercise/app/v1/post/PostRepository.scala
2020.10.16 11:47:00 WARN  code navigation does not work for the file '/home/denny1232/workspace/AutoScout24_exercise/app/v1/post/PostRepository.scala' because it doesn't belong to a build target.
2020.10.16 11:47:05 WARN  no build target for: /home/denny1232/workspace/AutoScout24_exercise/app/v1/post/PostRouter.scala
2020.10.16 11:47:10 WARN  no build target for: /home/denny1232/workspace/AutoScout24_exercise/app/v1/post/PostController.scala
2020.10.16 11:47:20 WARN  code navigation does not work for the file '/home/denny1232/workspace/AutoScout24_exercise/app/v1/post/PostController.scala' because it doesn't belong to a build target.
2020.10.16 11:47:20 WARN  code navigation does not work for the file '/home/denny1232/workspace/AutoScout24_exercise/app/v1/post/PostController.scala' because it doesn't belong to a build target.
2020.10.16 11:47:21 WARN  code navigation does not work for the file '/home/denny1232/workspace/AutoScout24_exercise/app/v1/post/PostController.scala' because it doesn't belong to a build target.
2020.10.16 11:47:21 WARN  code navigation does not work for the file '/home/denny1232/workspace/AutoScout24_exercise/app/v1/post/PostController.scala' because it doesn't belong to a build target.
2020.10.16 11:47:21 WARN  code navigation does not work for the file '/home/denny1232/workspace/AutoScout24_exercise/app/v1/post/PostController.scala' because it doesn't belong to a build target.
2020.10.16 11:47:22 WARN  code navigation does not work for the file '/home/denny1232/workspace/AutoScout24_exercise/app/v1/post/PostController.scala' because it doesn't belong to a build target.
2020.10.16 11:47:22 WARN  code navigation does not work for the file '/home/denny1232/workspace/AutoScout24_exercise/app/v1/post/PostController.scala' because it doesn't belong to a build target.
2020.10.16 11:47:24 WARN  code navigation does not work for the file '/home/denny1232/workspace/AutoScout24_exercise/app/v1/post/PostController.scala' because it doesn't belong to a build target.
2020.10.16 11:51:12 WARN  code navigation does not work for the file '/home/denny1232/workspace/AutoScout24_exercise/app/v1/post/PostRepository.scala' because it doesn't belong to a build target.
2020.10.16 11:51:22 INFO  shutting down Metals
2020.10.16 11:51:57 INFO  started: Metals version 0.9.4 in workspace '/home/denny1232/workspace/AutoScout24_exercise' for client vscode.
2020.10.16 11:52:00 INFO  time: initialize in 2.43s
2020.10.16 11:52:01 INFO  tracing is disabled for protocol BSP, to enable tracing of incoming and outgoing JSON messages create an empty file at /home/denny1232/.cache/metals/bsp.trace.json
2020.10.16 11:52:02 INFO  skipping build import with status 'Requested'
2020.10.16 11:52:06 ERROR Timeout waiting for 'build/initialize' response
2020.10.16 11:52:06 ERROR Failed to connect with build server, no functionality will work.
java.util.concurrent.TimeoutException
	at java.util.concurrent.CompletableFuture.timedGet(CompletableFuture.java:1886)
	at java.util.concurrent.CompletableFuture.get(CompletableFuture.java:2021)
	at scala.meta.internal.metals.BuildServerConnection$.initialize(BuildServerConnection.scala:317)
	at scala.meta.internal.metals.BuildServerConnection$.$anonfun$fromSockets$1(BuildServerConnection.scala:252)
	at scala.util.Success.$anonfun$map$1(Try.scala:255)
	at scala.util.Success.map(Try.scala:213)
	at scala.concurrent.Future.$anonfun$map$1(Future.scala:292)
	at scala.concurrent.impl.Promise.liftedTree1$1(Promise.scala:33)
	at scala.concurrent.impl.Promise.$anonfun$transform$1(Promise.scala:33)
	at scala.concurrent.impl.CallbackRunnable.run(Promise.scala:64)
	at java.util.concurrent.ThreadPoolExecutor.runWorker(ThreadPoolExecutor.java:1128)
	at java.util.concurrent.ThreadPoolExecutor$Worker.run(ThreadPoolExecutor.java:628)
	at java.lang.Thread.run(Thread.java:834)

2020.10.16 11:52:11 INFO  no build target: using presentation compiler with only scala-library
2020.10.16 11:52:11 WARN  no build target for: /home/denny1232/workspace/AutoScout24_exercise/app/v1/post/PostRepository.scala
Oct 16, 2020 11:52:11 AM org.eclipse.lsp4j.jsonrpc.services.GenericEndpoint notify
INFO: Unsupported notification method: $/setTraceNotification
2020.10.16 11:52:20 INFO  tracing is disabled for protocol BSP, to enable tracing of incoming and outgoing JSON messages create an empty file at /home/denny1232/.cache/metals/bsp.trace.json
2020.10.16 11:52:25 ERROR Timeout waiting for 'build/initialize' response
2020.10.16 11:52:25 ERROR Failed to connect with build server, no functionality will work.
java.util.concurrent.TimeoutException
	at java.util.concurrent.CompletableFuture.timedGet(CompletableFuture.java:1886)
	at java.util.concurrent.CompletableFuture.get(CompletableFuture.java:2021)
	at scala.meta.internal.metals.BuildServerConnection$.initialize(BuildServerConnection.scala:317)
	at scala.meta.internal.metals.BuildServerConnection$.$anonfun$fromSockets$1(BuildServerConnection.scala:252)
	at scala.util.Success.$anonfun$map$1(Try.scala:255)
	at scala.util.Success.map(Try.scala:213)
	at scala.concurrent.Future.$anonfun$map$1(Future.scala:292)
	at scala.concurrent.impl.Promise.liftedTree1$1(Promise.scala:33)
	at scala.concurrent.impl.Promise.$anonfun$transform$1(Promise.scala:33)
	at scala.concurrent.impl.CallbackRunnable.run(Promise.scala:64)
	at java.util.concurrent.ThreadPoolExecutor.runWorker(ThreadPoolExecutor.java:1128)
	at java.util.concurrent.ThreadPoolExecutor$Worker.run(ThreadPoolExecutor.java:628)
	at java.lang.Thread.run(Thread.java:834)

2020.10.16 11:52:27 INFO  running '/usr/lib/jvm/java-11-openjdk-amd64/bin/java -Djline.terminal=jline.UnsupportedTerminal -Dsbt.log.noformat=true -Dfile.encoding=UTF-8 -jar /tmp/metals10629940533245416741/sbt-launch.jar -Dbloop.export-jar-classifiers=sources bloopInstall'
2020.10.16 11:52:27 INFO  skipping build import with status 'Started'
2020.10.16 11:52:37 INFO  running '/usr/lib/jvm/java-11-openjdk-amd64/bin/java -Djline.terminal=jline.UnsupportedTerminal -Dsbt.log.noformat=true -Dfile.encoding=UTF-8 -jar /tmp/metals9822901051660120354/sbt-launch.jar -Dbloop.export-jar-classifiers=sources bloopInstall'
2020.10.16 11:52:37 INFO  running '/usr/lib/jvm/java-11-openjdk-amd64/bin/java -Djline.terminal=jline.UnsupportedTerminal -Dsbt.log.noformat=true -Dfile.encoding=UTF-8 -jar /tmp/metals11450729229016880205/sbt-launch.jar -Dbloop.export-jar-classifiers=sources bloopInstall'
2020.10.16 11:52:37 INFO  running '/usr/lib/jvm/java-11-openjdk-amd64/bin/java -Djline.terminal=jline.UnsupportedTerminal -Dsbt.log.noformat=true -Dfile.encoding=UTF-8 -jar /tmp/metals4427512094538512212/sbt-launch.jar -Dbloop.export-jar-classifiers=sources bloopInstall'
2020.10.16 11:52:39 ERROR [info] waiting for lock on /home/denny1232/.sbt/boot/sbt.boot.lock to be available...
2020.10.16 11:52:39 ERROR [info] waiting for lock on /home/denny1232/.sbt/boot/sbt.boot.lock to be available...
2020.10.16 11:52:44 INFO  user cancelled sbt bloopInstall
2020.10.16 11:52:44 INFO  time: ran 'sbt bloopInstall' in 6.72s
2020.10.16 11:52:44 INFO  build tool exit: 143
2020.10.16 11:52:44 INFO  user cancelled sbt bloopInstall
2020.10.16 11:52:45 INFO  time: ran 'sbt bloopInstall' in 7.74s
2020.10.16 11:52:44 INFO  build tool exit: 143
2020.10.16 11:52:50 INFO  [info] Loading settings for project autoscout24_exercise-build-build-build from metals.sbt ...
2020.10.16 11:52:51 WARN  no build target for: /home/denny1232/workspace/AutoScout24_exercise/app/v1/post/PostRepository.scala
2020.10.16 11:52:55 INFO  user cancelled sbt bloopInstall
2020.10.16 11:52:55 INFO  time: ran 'sbt bloopInstall' in 17s
2020.10.16 11:52:55 INFO  2020-10-16 11:52:55,695 shutdown-hooks-run-all ERROR No Log4j 2 configuration file found. Using default configuration (logging only errors to the console), or user programmatically provided configurations. Set system property 'log4j2.debug' to show Log4j 2 internal initialization logging. See https://logging.apache.org/log4j/2.x/manual/configuration.html for instructions on how to configure Log4j 2
2020.10.16 11:52:55 INFO  user cancelled sbt bloopInstall
2020.10.16 11:52:55 INFO  time: ran 'sbt bloopInstall' in 28s
2020.10.16 11:52:55 INFO  2020-10-16 11:52:56,173 shutdown-hooks-run-all ERROR No Log4j 2 configuration file found. Using default configuration (logging only errors to the console), or user programmatically provided configurations. Set system property 'log4j2.debug' to show Log4j 2 internal initialization logging. See https://logging.apache.org/log4j/2.x/manual/configuration.html for instructions on how to configure Log4j 2
2020.10.16 11:52:55 INFO  build tool exit: 143
2020.10.16 11:52:55 INFO  build tool exit: 143
2020.10.16 11:54:21 WARN  no build target for: /home/denny1232/workspace/AutoScout24_exercise/app/v1/post/PostRepository.scala
2020.10.16 11:54:25 WARN  no build target for: /home/denny1232/workspace/AutoScout24_exercise/app/v1/post/PostRepository.scala
2020.10.16 11:54:26 WARN  no build target for: /home/denny1232/workspace/AutoScout24_exercise/app/v1/post/PostRepository.scala
2020.10.16 11:54:30 WARN  no build target for: /home/denny1232/workspace/AutoScout24_exercise/app/v1/post/PostRepository.scala
2020.10.16 11:54:40 WARN  no build target for: /home/denny1232/workspace/AutoScout24_exercise/app/v1/post/PostRepository.scala
2020.10.16 11:55:22 WARN  no build target for: /home/denny1232/workspace/AutoScout24_exercise/app/v1/post/PostRepository.scala
2020.10.16 11:58:22 WARN  no build target for: /home/denny1232/workspace/AutoScout24_exercise/app/v1/post/PostRepository.scala
2020.10.16 11:58:28 WARN  no build target for: /home/denny1232/workspace/AutoScout24_exercise/app/v1/post/PostRepository.scala
2020.10.16 11:58:32 WARN  no build target for: /home/denny1232/workspace/AutoScout24_exercise/app/v1/post/PostRepository.scala
2020.10.16 11:58:40 WARN  no build target for: /home/denny1232/workspace/AutoScout24_exercise/app/v1/post/PostRepository.scala
2020.10.16 11:58:52 WARN  no build target for: /home/denny1232/workspace/AutoScout24_exercise/app/v1/post/PostRepository.scala
2020.10.16 11:58:55 WARN  no build target for: /home/denny1232/workspace/AutoScout24_exercise/app/v1/post/PostRepository.scala
2020.10.16 11:59:08 WARN  no build target for: /home/denny1232/workspace/AutoScout24_exercise/app/v1/post/PostRepository.scala
2020.10.16 11:59:14 WARN  no build target for: /home/denny1232/workspace/AutoScout24_exercise/app/v1/post/PostRepository.scala
2020.10.16 11:59:14 WARN  no build target for: /home/denny1232/workspace/AutoScout24_exercise/app/v1/post/PostRepository.scala
2020.10.16 11:59:20 WARN  no build target for: /home/denny1232/workspace/AutoScout24_exercise/app/v1/post/PostRepository.scala
2020.10.16 11:59:21 WARN  code navigation does not work for the file '/home/denny1232/workspace/AutoScout24_exercise/app/v1/post/PostRepository.scala' because it doesn't belong to a build target.
2020.10.16 11:59:24 WARN  no build target for: /home/denny1232/workspace/AutoScout24_exercise/app/v1/post/PostRepository.scala
2020.10.16 11:59:46 WARN  no build target for: /home/denny1232/workspace/AutoScout24_exercise/app/v1/post/PostRepository.scala
2020.10.16 11:59:46 WARN  code navigation does not work for the file '/home/denny1232/workspace/AutoScout24_exercise/app/v1/post/PostRepository.scala' because it doesn't belong to a build target.
2020.10.16 11:59:46 WARN  code navigation does not work for the file '/home/denny1232/workspace/AutoScout24_exercise/app/v1/post/PostRepository.scala' because it doesn't belong to a build target.
2020.10.16 11:59:52 WARN  no build target for: /home/denny1232/workspace/AutoScout24_exercise/app/v1/post/PostRepository.scala
2020.10.16 11:59:54 WARN  code navigation does not work for the file '/home/denny1232/workspace/AutoScout24_exercise/app/v1/post/PostRepository.scala' because it doesn't belong to a build target.
2020.10.16 11:59:54 WARN  code navigation does not work for the file '/home/denny1232/workspace/AutoScout24_exercise/app/v1/post/PostRepository.scala' because it doesn't belong to a build target.
2020.10.16 11:59:57 WARN  no build target for: /home/denny1232/workspace/AutoScout24_exercise/app/v1/post/PostRepository.scala
2020.10.16 12:00:01 WARN  no build target for: /home/denny1232/workspace/AutoScout24_exercise/app/v1/post/PostRepository.scala
2020.10.16 12:00:05 WARN  no build target for: /home/denny1232/workspace/AutoScout24_exercise/app/v1/post/PostRepository.scala
2020.10.16 12:00:07 WARN  no build target for: /home/denny1232/workspace/AutoScout24_exercise/app/v1/post/PostRepository.scala
2020.10.16 12:00:15 WARN  no build target for: /home/denny1232/workspace/AutoScout24_exercise/app/v1/post/PostRepository.scala
2020.10.16 12:00:16 WARN  no build target for: /home/denny1232/workspace/AutoScout24_exercise/app/v1/post/PostRepository.scala
2020.10.16 12:00:19 WARN  no build target for: /home/denny1232/workspace/AutoScout24_exercise/app/v1/post/PostRepository.scala
2020.10.16 12:00:23 WARN  code navigation does not work for the file '/home/denny1232/workspace/AutoScout24_exercise/app/v1/post/PostRepository.scala' because it doesn't belong to a build target.
2020.10.16 12:00:23 WARN  code navigation does not work for the file '/home/denny1232/workspace/AutoScout24_exercise/app/v1/post/PostRepository.scala' because it doesn't belong to a build target.
2020.10.16 12:00:24 WARN  no build target for: /home/denny1232/workspace/AutoScout24_exercise/app/v1/post/PostRepository.scala
2020.10.16 12:00:26 WARN  no build target for: /home/denny1232/workspace/AutoScout24_exercise/app/v1/post/PostRepository.scala
2020.10.16 12:00:28 WARN  no build target for: /home/denny1232/workspace/AutoScout24_exercise/app/v1/post/PostRepository.scala
2020.10.16 12:00:33 WARN  no build target for: /home/denny1232/workspace/AutoScout24_exercise/app/v1/post/PostRepository.scala
2020.10.16 12:00:35 WARN  no build target for: /home/denny1232/workspace/AutoScout24_exercise/app/v1/post/PostRepository.scala
2020.10.16 12:00:37 WARN  no build target for: /home/denny1232/workspace/AutoScout24_exercise/app/v1/post/PostRepository.scala
2020.10.16 12:00:42 WARN  no build target for: /home/denny1232/workspace/AutoScout24_exercise/app/v1/post/PostRepository.scala
2020.10.16 12:00:45 WARN  no build target for: /home/denny1232/workspace/AutoScout24_exercise/app/v1/post/PostRepository.scala
2020.10.16 12:01:00 WARN  no build target for: /home/denny1232/workspace/AutoScout24_exercise/app/v1/post/PostRepository.scala
2020.10.16 12:01:05 WARN  no build target for: /home/denny1232/workspace/AutoScout24_exercise/app/v1/post/PostRepository.scala
2020.10.16 12:01:11 WARN  no build target for: /home/denny1232/workspace/AutoScout24_exercise/app/v1/post/PostRepository.scala
2020.10.16 12:01:32 WARN  no build target for: /home/denny1232/workspace/AutoScout24_exercise/app/v1/post/PostRepository.scala
2020.10.16 12:01:54 WARN  no build target for: /home/denny1232/workspace/AutoScout24_exercise/app/v1/post/PostRepository.scala
2020.10.16 12:01:55 WARN  no build target for: /home/denny1232/workspace/AutoScout24_exercise/app/v1/post/PostRepository.scala
2020.10.16 12:02:00 WARN  no build target for: /home/denny1232/workspace/AutoScout24_exercise/app/v1/post/PostRepository.scala
2020.10.16 12:02:49 WARN  no build target for: /home/denny1232/workspace/AutoScout24_exercise/app/v1/post/PostRepository.scala
2020.10.16 12:03:22 WARN  no build target for: /home/denny1232/workspace/AutoScout24_exercise/app/v1/post/PostRepository.scala
2020.10.16 12:03:24 WARN  no build target for: /home/denny1232/workspace/AutoScout24_exercise/app/v1/post/PostRepository.scala
2020.10.16 12:03:27 WARN  no build target for: /home/denny1232/workspace/AutoScout24_exercise/app/v1/post/PostRepository.scala
2020.10.16 12:03:30 WARN  no build target for: /home/denny1232/workspace/AutoScout24_exercise/app/v1/post/PostRepository.scala
2020.10.16 12:03:42 WARN  no build target for: /home/denny1232/workspace/AutoScout24_exercise/app/v1/post/PostRepository.scala
2020.10.16 12:03:44 WARN  no build target for: /home/denny1232/workspace/AutoScout24_exercise/app/v1/post/PostRepository.scala
2020.10.16 12:03:46 WARN  no build target for: /home/denny1232/workspace/AutoScout24_exercise/app/v1/post/PostRepository.scala
2020.10.16 12:03:46 WARN  code navigation does not work for the file '/home/denny1232/workspace/AutoScout24_exercise/app/v1/post/PostRepository.scala' because it doesn't belong to a build target.
2020.10.16 12:03:46 WARN  code navigation does not work for the file '/home/denny1232/workspace/AutoScout24_exercise/app/v1/post/PostRepository.scala' because it doesn't belong to a build target.
2020.10.16 12:03:47 WARN  code navigation does not work for the file '/home/denny1232/workspace/AutoScout24_exercise/app/v1/post/PostRepository.scala' because it doesn't belong to a build target.
2020.10.16 12:04:35 WARN  no build target for: /home/denny1232/workspace/AutoScout24_exercise/app/v1/post/PostRepository.scala
2020.10.16 12:04:41 WARN  no build target for: /home/denny1232/workspace/AutoScout24_exercise/app/v1/post/PostRepository.scala
2020.10.16 12:04:49 WARN  no build target for: /home/denny1232/workspace/AutoScout24_exercise/app/v1/post/PostRepository.scala
2020.10.16 12:05:02 WARN  code navigation does not work for the file '/home/denny1232/workspace/AutoScout24_exercise/app/v1/post/PostRepository.scala' because it doesn't belong to a build target.
2020.10.16 12:05:02 WARN  no build target for: /home/denny1232/workspace/AutoScout24_exercise/app/v1/post/PostRepository.scala
2020.10.16 12:05:06 WARN  no build target for: /home/denny1232/workspace/AutoScout24_exercise/app/v1/post/PostRepository.scala
2020.10.16 12:05:07 WARN  no build target for: /home/denny1232/workspace/AutoScout24_exercise/app/v1/post/PostRepository.scala
2020.10.16 12:05:18 WARN  no build target for: /home/denny1232/workspace/AutoScout24_exercise/app/v1/post/PostRepository.scala
2020.10.16 12:05:34 WARN  no build target for: /home/denny1232/workspace/AutoScout24_exercise/app/v1/post/PostRepository.scala
2020.10.16 12:05:47 WARN  no build target for: /home/denny1232/workspace/AutoScout24_exercise/app/v1/post/PostRepository.scala
2020.10.16 12:06:02 WARN  no build target for: /home/denny1232/workspace/AutoScout24_exercise/app/v1/post/PostRepository.scala
2020.10.16 12:06:20 WARN  no build target for: /home/denny1232/workspace/AutoScout24_exercise/app/v1/post/PostRepository.scala
2020.10.16 12:06:22 WARN  no build target for: /home/denny1232/workspace/AutoScout24_exercise/app/v1/post/PostRepository.scala
2020.10.16 12:06:28 WARN  no build target for: /home/denny1232/workspace/AutoScout24_exercise/app/v1/post/PostRepository.scala
2020.10.16 12:09:26 WARN  no build target for: /home/denny1232/workspace/AutoScout24_exercise/app/v1/post/PostRepository.scala
2020.10.16 12:09:35 WARN  no build target for: /home/denny1232/workspace/AutoScout24_exercise/app/v1/post/PostRepository.scala
2020.10.16 12:10:05 WARN  no build target for: /home/denny1232/workspace/AutoScout24_exercise/app/v1/post/PostRepository.scala
2020.10.16 12:10:16 WARN  no build target for: /home/denny1232/workspace/AutoScout24_exercise/app/v1/post/PostRepository.scala
2020.10.16 12:10:26 WARN  no build target for: /home/denny1232/workspace/AutoScout24_exercise/app/v1/post/PostRepository.scala
2020.10.16 12:10:28 WARN  no build target for: /home/denny1232/workspace/AutoScout24_exercise/app/v1/post/PostRepository.scala
2020.10.16 12:10:35 WARN  no build target for: /home/denny1232/workspace/AutoScout24_exercise/app/v1/post/PostRepository.scala
2020.10.16 12:10:38 WARN  no build target for: /home/denny1232/workspace/AutoScout24_exercise/app/v1/post/PostRepository.scala
2020.10.16 12:14:01 WARN  no build target for: /home/denny1232/workspace/AutoScout24_exercise/app/v1/post/PostController.scala
2020.10.16 12:14:38 WARN  no build target for: /home/denny1232/workspace/AutoScout24_exercise/app/v1/post/PostRouter.scala
2020.10.16 12:14:48 WARN  no build target for: /home/denny1232/workspace/AutoScout24_exercise/app/v1/post/PostController.scala
2020.10.16 12:15:22 WARN  no build target for: /home/denny1232/workspace/AutoScout24_exercise/app/v1/post/PostResourceHandler.scala
2020.10.16 12:17:59 WARN  no build target for: /home/denny1232/workspace/AutoScout24_exercise/app/v1/post/PostRouter.scala
2020.10.16 12:18:02 WARN  no build target for: /home/denny1232/workspace/AutoScout24_exercise/app/v1/post/PostController.scala
2020.10.16 12:32:59 WARN  no build target for: /home/denny1232/workspace/AutoScout24_exercise/app/v1/post/PostRepository.scala
2020.10.16 12:33:01 WARN  no build target for: /home/denny1232/workspace/AutoScout24_exercise/app/v1/post/PostRepository.scala
2020.10.16 12:33:05 WARN  no build target for: /home/denny1232/workspace/AutoScout24_exercise/app/v1/post/PostRepository.scala
2020.10.16 12:33:07 WARN  no build target for: /home/denny1232/workspace/AutoScout24_exercise/app/v1/post/PostRepository.scala
2020.10.16 12:33:16 WARN  no build target for: /home/denny1232/workspace/AutoScout24_exercise/app/v1/post/PostRepository.scala
2020.10.16 12:33:25 WARN  no build target for: /home/denny1232/workspace/AutoScout24_exercise/app/v1/post/PostRepository.scala
2020.10.16 12:33:30 WARN  no build target for: /home/denny1232/workspace/AutoScout24_exercise/app/v1/post/PostRepository.scala
2020.10.16 12:33:35 WARN  no build target for: /home/denny1232/workspace/AutoScout24_exercise/app/v1/post/PostRepository.scala
2020.10.16 12:33:50 WARN  no build target for: /home/denny1232/workspace/AutoScout24_exercise/app/v1/post/PostRepository.scala
2020.10.16 12:33:52 WARN  no build target for: /home/denny1232/workspace/AutoScout24_exercise/app/v1/post/PostRepository.scala
2020.10.16 12:34:00 WARN  no build target for: /home/denny1232/workspace/AutoScout24_exercise/app/v1/post/PostRepository.scala
2020.10.16 12:34:04 WARN  no build target for: /home/denny1232/workspace/AutoScout24_exercise/app/v1/post/PostRepository.scala
2020.10.16 12:34:09 WARN  no build target for: /home/denny1232/workspace/AutoScout24_exercise/app/v1/post/PostRepository.scala
2020.10.16 12:34:13 WARN  no build target for: /home/denny1232/workspace/AutoScout24_exercise/app/v1/post/PostRepository.scala
2020.10.16 12:34:15 WARN  no build target for: /home/denny1232/workspace/AutoScout24_exercise/app/v1/post/PostRepository.scala
2020.10.16 12:34:18 WARN  no build target for: /home/denny1232/workspace/AutoScout24_exercise/app/v1/post/PostRepository.scala
2020.10.16 12:34:31 WARN  no build target for: /home/denny1232/workspace/AutoScout24_exercise/app/v1/post/PostRepository.scala
2020.10.16 12:34:33 WARN  no build target for: /home/denny1232/workspace/AutoScout24_exercise/app/v1/post/PostRepository.scala
2020.10.16 12:34:38 WARN  no build target for: /home/denny1232/workspace/AutoScout24_exercise/app/v1/post/PostRepository.scala
2020.10.16 12:34:42 WARN  no build target for: /home/denny1232/workspace/AutoScout24_exercise/app/v1/post/PostRepository.scala
2020.10.16 12:34:44 WARN  no build target for: /home/denny1232/workspace/AutoScout24_exercise/app/v1/post/PostRepository.scala
2020.10.16 12:34:48 WARN  no build target for: /home/denny1232/workspace/AutoScout24_exercise/app/v1/post/PostRepository.scala
2020.10.16 12:35:11 WARN  no build target for: /home/denny1232/workspace/AutoScout24_exercise/app/v1/post/PostRepository.scala
2020.10.16 12:35:25 WARN  no build target for: /home/denny1232/workspace/AutoScout24_exercise/app/v1/post/PostRepository.scala
2020.10.16 12:35:40 WARN  no build target for: /home/denny1232/workspace/AutoScout24_exercise/app/v1/post/PostRepository.scala
2020.10.16 12:35:42 WARN  no build target for: /home/denny1232/workspace/AutoScout24_exercise/app/v1/post/PostRepository.scala
2020.10.16 12:35:46 WARN  no build target for: /home/denny1232/workspace/AutoScout24_exercise/app/v1/post/PostRepository.scala
2020.10.16 12:35:48 WARN  no build target for: /home/denny1232/workspace/AutoScout24_exercise/app/v1/post/PostRepository.scala
2020.10.16 12:35:53 WARN  no build target for: /home/denny1232/workspace/AutoScout24_exercise/app/v1/post/PostRepository.scala
2020.10.16 12:36:38 WARN  no build target for: /home/denny1232/workspace/AutoScout24_exercise/app/v1/post/PostRepository.scala
2020.10.16 12:36:52 WARN  code navigation does not work for the file '/home/denny1232/workspace/AutoScout24_exercise/app/v1/post/PostRepository.scala' because it doesn't belong to a build target.
2020.10.16 12:36:52 WARN  no build target for: /home/denny1232/workspace/AutoScout24_exercise/app/v1/post/PostRepository.scala
2020.10.16 12:36:54 WARN  no build target for: /home/denny1232/workspace/AutoScout24_exercise/app/v1/post/PostRepository.scala
2020.10.16 12:37:02 WARN  code navigation does not work for the file '/home/denny1232/workspace/AutoScout24_exercise/app/v1/post/PostRepository.scala' because it doesn't belong to a build target.
2020.10.16 12:37:02 WARN  code navigation does not work for the file '/home/denny1232/workspace/AutoScout24_exercise/app/v1/post/PostRepository.scala' because it doesn't belong to a build target.
2020.10.16 12:37:03 WARN  no build target for: /home/denny1232/workspace/AutoScout24_exercise/app/v1/post/PostRepository.scala
2020.10.16 12:37:05 WARN  no build target for: /home/denny1232/workspace/AutoScout24_exercise/app/v1/post/PostRepository.scala
2020.10.16 12:37:16 WARN  no build target for: /home/denny1232/workspace/AutoScout24_exercise/app/v1/post/PostRepository.scala
2020.10.16 12:37:18 WARN  no build target for: /home/denny1232/workspace/AutoScout24_exercise/app/v1/post/PostRepository.scala
2020.10.16 12:37:20 WARN  code navigation does not work for the file '/home/denny1232/workspace/AutoScout24_exercise/app/v1/post/PostRepository.scala' because it doesn't belong to a build target.
2020.10.16 12:37:20 WARN  no build target for: /home/denny1232/workspace/AutoScout24_exercise/app/v1/post/PostRepository.scala
2020.10.16 12:37:20 WARN  code navigation does not work for the file '/home/denny1232/workspace/AutoScout24_exercise/app/v1/post/PostRepository.scala' because it doesn't belong to a build target.
2020.10.16 12:37:28 WARN  no build target for: /home/denny1232/workspace/AutoScout24_exercise/app/v1/post/PostRepository.scala
2020.10.16 12:38:08 WARN  no build target for: /home/denny1232/workspace/AutoScout24_exercise/app/v1/post/PostRepository.scala
2020.10.16 12:38:11 WARN  no build target for: /home/denny1232/workspace/AutoScout24_exercise/app/v1/post/PostRepository.scala
2020.10.16 12:38:15 WARN  no build target for: /home/denny1232/workspace/AutoScout24_exercise/app/v1/post/PostRepository.scala
2020.10.16 12:38:15 WARN  no build target for: /home/denny1232/workspace/AutoScout24_exercise/app/v1/post/PostRepository.scala
2020.10.16 12:38:24 WARN  no build target for: /home/denny1232/workspace/AutoScout24_exercise/app/v1/post/PostRepository.scala
2020.10.16 12:38:37 WARN  no build target for: /home/denny1232/workspace/AutoScout24_exercise/app/v1/post/PostRepository.scala
2020.10.16 12:39:05 WARN  no build target for: /home/denny1232/workspace/AutoScout24_exercise/app/v1/post/PostRepository.scala
2020.10.16 12:39:14 WARN  no build target for: /home/denny1232/workspace/AutoScout24_exercise/app/v1/post/PostRepository.scala
2020.10.16 12:39:25 WARN  no build target for: /home/denny1232/workspace/AutoScout24_exercise/app/v1/post/PostRepository.scala
2020.10.16 12:39:28 WARN  no build target for: /home/denny1232/workspace/AutoScout24_exercise/app/v1/post/PostRepository.scala
2020.10.16 12:39:28 WARN  no build target for: /home/denny1232/workspace/AutoScout24_exercise/app/v1/post/PostRepository.scala
2020.10.16 12:39:44 WARN  no build target for: /home/denny1232/workspace/AutoScout24_exercise/app/v1/post/PostRepository.scala
2020.10.16 12:39:56 WARN  code navigation does not work for the file '/home/denny1232/workspace/AutoScout24_exercise/app/v1/post/PostRepository.scala' because it doesn't belong to a build target.
2020.10.16 12:39:56 WARN  code navigation does not work for the file '/home/denny1232/workspace/AutoScout24_exercise/app/v1/post/PostRepository.scala' because it doesn't belong to a build target.
2020.10.16 12:39:56 WARN  code navigation does not work for the file '/home/denny1232/workspace/AutoScout24_exercise/app/v1/post/PostRepository.scala' because it doesn't belong to a build target.
2020.10.16 12:39:56 WARN  code navigation does not work for the file '/home/denny1232/workspace/AutoScout24_exercise/app/v1/post/PostRepository.scala' because it doesn't belong to a build target.
2020.10.16 12:40:00 WARN  no build target for: /home/denny1232/workspace/AutoScout24_exercise/app/v1/post/PostRepository.scala
2020.10.16 12:40:04 WARN  no build target for: /home/denny1232/workspace/AutoScout24_exercise/app/v1/post/PostRepository.scala
2020.10.16 12:40:28 WARN  no build target for: /home/denny1232/workspace/AutoScout24_exercise/app/v1/post/PostRepository.scala
2020.10.16 12:40:34 WARN  no build target for: /home/denny1232/workspace/AutoScout24_exercise/app/v1/post/PostRepository.scala
2020.10.16 12:40:41 WARN  no build target for: /home/denny1232/workspace/AutoScout24_exercise/app/v1/post/PostRepository.scala
2020.10.16 12:40:41 WARN  no build target for: /home/denny1232/workspace/AutoScout24_exercise/app/v1/post/PostRepository.scala
2020.10.16 12:40:41 WARN  code navigation does not work for the file '/home/denny1232/workspace/AutoScout24_exercise/app/v1/post/PostRepository.scala' because it doesn't belong to a build target.
2020.10.16 12:40:41 WARN  no build target for: /home/denny1232/workspace/AutoScout24_exercise/app/v1/post/PostRepository.scala
2020.10.16 12:40:41 WARN  code navigation does not work for the file '/home/denny1232/workspace/AutoScout24_exercise/app/v1/post/PostRepository.scala' because it doesn't belong to a build target.
2020.10.16 12:40:41 WARN  no build target for: /home/denny1232/workspace/AutoScout24_exercise/app/v1/post/PostRepository.scala
2020.10.16 12:41:09 WARN  code navigation does not work for the file '/home/denny1232/workspace/AutoScout24_exercise/app/v1/post/PostRepository.scala' because it doesn't belong to a build target.
2020.10.16 12:41:15 WARN  no build target for: /home/denny1232/workspace/AutoScout24_exercise/app/v1/post/PostRepository.scala
2020.10.16 12:41:17 WARN  code navigation does not work for the file '/home/denny1232/workspace/AutoScout24_exercise/app/v1/post/PostRepository.scala' because it doesn't belong to a build target.
2020.10.16 12:41:30 WARN  no build target for: /home/denny1232/workspace/AutoScout24_exercise/app/v1/post/PostRepository.scala
2020.10.16 12:41:34 WARN  no build target for: /home/denny1232/workspace/AutoScout24_exercise/app/v1/post/PostRepository.scala
2020.10.16 12:41:35 WARN  no build target for: /home/denny1232/workspace/AutoScout24_exercise/app/v1/post/PostRepository.scala
2020.10.16 12:41:38 WARN  no build target for: /home/denny1232/workspace/AutoScout24_exercise/app/v1/post/PostRepository.scala
2020.10.16 12:41:40 WARN  no build target for: /home/denny1232/workspace/AutoScout24_exercise/app/v1/post/PostRepository.scala
2020.10.16 12:42:31 WARN  no build target for: /home/denny1232/workspace/AutoScout24_exercise/app/v1/post/PostRepository.scala
2020.10.16 12:42:37 WARN  no build target for: /home/denny1232/workspace/AutoScout24_exercise/app/v1/post/PostRepository.scala
2020.10.16 12:42:39 WARN  no build target for: /home/denny1232/workspace/AutoScout24_exercise/app/v1/post/PostRepository.scala
2020.10.16 12:42:43 WARN  no build target for: /home/denny1232/workspace/AutoScout24_exercise/app/v1/post/PostRepository.scala
2020.10.16 12:43:04 WARN  no build target for: /home/denny1232/workspace/AutoScout24_exercise/app/v1/post/PostRepository.scala
2020.10.16 12:43:04 WARN  no build target for: /home/denny1232/workspace/AutoScout24_exercise/app/v1/post/PostRepository.scala
2020.10.16 12:43:04 WARN  no build target for: /home/denny1232/workspace/AutoScout24_exercise/app/v1/post/PostRepository.scala
2020.10.16 12:43:10 WARN  no build target for: /home/denny1232/workspace/AutoScout24_exercise/app/v1/post/PostRouter.scala
2020.10.16 12:43:26 WARN  no build target for: /home/denny1232/workspace/AutoScout24_exercise/app/v1/post/PostController.scala
2020.10.16 12:43:34 WARN  no build target for: /home/denny1232/workspace/AutoScout24_exercise/app/v1/post/PostActionBuilder.scala
2020.10.16 12:44:00 WARN  no build target for: /home/denny1232/workspace/AutoScout24_exercise/app/v1/post/PostController.scala
2020.10.16 12:44:04 WARN  no build target for: /home/denny1232/workspace/AutoScout24_exercise/app/ErrorHandler.scala
2020.10.16 12:44:04 WARN  no build target for: /home/denny1232/workspace/AutoScout24_exercise/app/v1/post/PostRouter.scala
2020.10.16 12:44:11 WARN  code navigation does not work for the file '/home/denny1232/workspace/AutoScout24_exercise/app/v1/post/PostResourceHandler.scala' because it doesn't belong to a build target.
2020.10.16 12:44:21 WARN  no build target for: /home/denny1232/workspace/AutoScout24_exercise/app/v1/post/PostController.scala
2020.10.16 12:45:17 WARN  no build target for: /home/denny1232/workspace/AutoScout24_exercise/app/v1/post/PostActionBuilder.scala
2020.10.16 12:45:17 WARN  no build target for: /home/denny1232/workspace/AutoScout24_exercise/app/v1/post/PostController.scala
